C:\USERS\SAKET\DOCUMENTS\VISUAL STUDIO 2010\PROJECTS\CAMSHIFTDEMO\CAMSHIFTDEMO\DEBUG\.NETFRAMEWORK,VERSION=V4.0.ASSEMBLYATTRIBUTES.OBJ
C:\Users\saket\Documents\Visual Studio 2010\Projects\CamShiftDemo\CamShiftDemo\Debug\CamShiftDemo.exe.embed.manifest
C:\USERS\SAKET\DOCUMENTS\VISUAL STUDIO 2010\PROJECTS\CAMSHIFTDEMO\CAMSHIFTDEMO\DEBUG\CAMSHIFTDEMO.EXE.EMBED.MANIFEST.RES
C:\USERS\SAKET\DOCUMENTS\VISUAL STUDIO 2010\PROJECTS\CAMSHIFTDEMO\CAMSHIFTDEMO\DEBUG\CAMSHIFTDEMO.EXE.INTERMEDIATE.MANIFEST
C:\USERS\SAKET\DOCUMENTS\VISUAL STUDIO 2010\PROJECTS\CAMSHIFTDEMO\CAMSHIFTDEMO\DEBUG\CAMSHIFTDEMO.RES
C:\Users\saket\Documents\Visual Studio 2010\Projects\CamShiftDemo\CamShiftDemo\Debug\CamShiftDemo.vcxprojResolveAssemblyReference.cache
C:\Users\saket\Documents\Visual Studio 2010\Projects\CamShiftDemo\CamShiftDemo\Debug\CamShiftDemo.write.1.tlog
C:\Users\saket\Documents\Visual Studio 2010\Projects\CamShiftDemo\CamShiftDemo\Debug\CamShiftDemo_manifest.rc
C:\Users\saket\Documents\Visual Studio 2010\Projects\CamShiftDemo\CamShiftDemo\Debug\cl.command.1.tlog
C:\Users\saket\Documents\Visual Studio 2010\Projects\CamShiftDemo\CamShiftDemo\Debug\CL.read.1.tlog
C:\Users\saket\Documents\Visual Studio 2010\Projects\CamShiftDemo\CamShiftDemo\Debug\CL.write.1.tlog
C:\Users\saket\Documents\Visual Studio 2010\Projects\CamShiftDemo\CamShiftDemo\Debug\link.command.1.tlog
C:\Users\saket\Documents\Visual Studio 2010\Projects\CamShiftDemo\CamShiftDemo\Debug\link.read.1.tlog
C:\Users\saket\Documents\Visual Studio 2010\Projects\CamShiftDemo\CamShiftDemo\Debug\link.write.1.tlog
C:\USERS\SAKET\DOCUMENTS\VISUAL STUDIO 2010\PROJECTS\CAMSHIFTDEMO\CAMSHIFTDEMO\DEBUG\MAIN.OBJ
C:\Users\saket\Documents\Visual Studio 2010\Projects\CamShiftDemo\CamShiftDemo\Debug\mt.command.1.tlog
C:\Users\saket\Documents\Visual Studio 2010\Projects\CamShiftDemo\CamShiftDemo\Debug\mt.read.1.tlog
C:\Users\saket\Documents\Visual Studio 2010\Projects\CamShiftDemo\CamShiftDemo\Debug\mt.write.1.tlog
C:\Users\saket\Documents\Visual Studio 2010\Projects\CamShiftDemo\CamShiftDemo\Debug\rc.command.1.tlog
C:\Users\saket\Documents\Visual Studio 2010\Projects\CamShiftDemo\CamShiftDemo\Debug\rc.read.1.tlog
C:\Users\saket\Documents\Visual Studio 2010\Projects\CamShiftDemo\CamShiftDemo\Debug\rc.write.1.tlog
C:\USERS\SAKET\DOCUMENTS\VISUAL STUDIO 2010\PROJECTS\CAMSHIFTDEMO\CAMSHIFTDEMO\DEBUG\TRY.OBJ
C:\Users\saket\Documents\Visual Studio 2010\Projects\CamShiftDemo\CamShiftDemo\Debug\vc100.idb
C:\USERS\SAKET\DOCUMENTS\VISUAL STUDIO 2010\PROJECTS\CAMSHIFTDEMO\CAMSHIFTDEMO\DEBUG\VC100.PDB
C:\USERS\SAKET\DOCUMENTS\VISUAL STUDIO 2010\PROJECTS\CAMSHIFTDEMO\DEBUG\CAMSHIFTDEMO.EXE
C:\USERS\SAKET\DOCUMENTS\VISUAL STUDIO 2010\PROJECTS\CAMSHIFTDEMO\DEBUG\CAMSHIFTDEMO.PDB
