G:\APIS\DADA\DADA\DEBUG\.NETFRAMEWORK,VERSION=V4.0.ASSEMBLYATTRIBUTES.OBJ
G:\APIs\dada\dada\Debug\cl.command.1.tlog
G:\APIs\dada\dada\Debug\CL.read.1.tlog
G:\APIs\dada\dada\Debug\CL.write.1.tlog
G:\APIs\dada\dada\Debug\dada.exe.embed.manifest
G:\APIs\dada\dada\Debug\dada.exe.embed.manifest.res
G:\APIS\DADA\DADA\DEBUG\DADA.EXE.INTERMEDIATE.MANIFEST
G:\APIs\dada\dada\Debug\dada.frm1.resources
G:\APIS\DADA\DADA\DEBUG\DADA.OBJ
G:\APIS\DADA\DADA\DEBUG\DADA.PCH
G:\APIs\dada\dada\Debug\dada.vcxproj.GenerateResource.Cache
G:\APIs\dada\dada\Debug\dada.vcxprojResolveAssemblyReference.cache
G:\APIs\dada\dada\Debug\dada.write.1.tlog
G:\APIs\dada\dada\Debug\dada_manifest.rc
G:\APIS\DADA\DADA\DEBUG\FRM1.OBJ
G:\APIs\dada\dada\Debug\link.1088.read.1.tlog
G:\APIs\dada\dada\Debug\link.1088.write.1.tlog
G:\APIs\dada\dada\Debug\link.1552.read.1.tlog
G:\APIs\dada\dada\Debug\link.1552.write.1.tlog
G:\APIs\dada\dada\Debug\link.2036.read.1.tlog
G:\APIs\dada\dada\Debug\link.2036.write.1.tlog
G:\APIs\dada\dada\Debug\link.2524.read.1.tlog
G:\APIs\dada\dada\Debug\link.2524.write.1.tlog
G:\APIs\dada\dada\Debug\link.256.read.1.tlog
G:\APIs\dada\dada\Debug\link.256.write.1.tlog
G:\APIs\dada\dada\Debug\link.2856.read.1.tlog
G:\APIs\dada\dada\Debug\link.2856.write.1.tlog
G:\APIs\dada\dada\Debug\link.2948.read.1.tlog
G:\APIs\dada\dada\Debug\link.2948.write.1.tlog
G:\APIs\dada\dada\Debug\link.3524.read.1.tlog
G:\APIs\dada\dada\Debug\link.3524.write.1.tlog
G:\APIs\dada\dada\Debug\link.4272.read.1.tlog
G:\APIs\dada\dada\Debug\link.4272.write.1.tlog
G:\APIs\dada\dada\Debug\link.4560.read.1.tlog
G:\APIs\dada\dada\Debug\link.4560.write.1.tlog
G:\APIs\dada\dada\Debug\link.4628.read.1.tlog
G:\APIs\dada\dada\Debug\link.4628.write.1.tlog
G:\APIs\dada\dada\Debug\link.4852.read.1.tlog
G:\APIs\dada\dada\Debug\link.4852.write.1.tlog
G:\APIs\dada\dada\Debug\link.4900.read.1.tlog
G:\APIs\dada\dada\Debug\link.4900.write.1.tlog
G:\APIs\dada\dada\Debug\link.5104.read.1.tlog
G:\APIs\dada\dada\Debug\link.5104.write.1.tlog
G:\APIs\dada\dada\Debug\link.5140.read.1.tlog
G:\APIs\dada\dada\Debug\link.5140.write.1.tlog
G:\APIs\dada\dada\Debug\link.5276.read.1.tlog
G:\APIs\dada\dada\Debug\link.5276.write.1.tlog
G:\APIs\dada\dada\Debug\link.5460.read.1.tlog
G:\APIs\dada\dada\Debug\link.5460.write.1.tlog
G:\APIs\dada\dada\Debug\link.5868.read.1.tlog
G:\APIs\dada\dada\Debug\link.5868.write.1.tlog
G:\APIs\dada\dada\Debug\link.6640.read.1.tlog
G:\APIs\dada\dada\Debug\link.6640.write.1.tlog
G:\APIs\dada\dada\Debug\link.6664.read.1.tlog
G:\APIs\dada\dada\Debug\link.6664.write.1.tlog
G:\APIs\dada\dada\Debug\link.6664-cvtres.read.1.tlog
G:\APIs\dada\dada\Debug\link.6664-cvtres.write.1.tlog
G:\APIs\dada\dada\Debug\link.6764.read.1.tlog
G:\APIs\dada\dada\Debug\link.6764.write.1.tlog
G:\APIs\dada\dada\Debug\link.6884.read.1.tlog
G:\APIs\dada\dada\Debug\link.6884.write.1.tlog
G:\APIs\dada\dada\Debug\link.992.read.1.tlog
G:\APIs\dada\dada\Debug\link.992.write.1.tlog
G:\APIs\dada\dada\Debug\link.command.1.tlog
G:\APIs\dada\dada\Debug\link.read.1.tlog
G:\APIs\dada\dada\Debug\link.write.1.tlog
G:\APIs\dada\dada\Debug\link-cvtres.read.1.tlog
G:\APIs\dada\dada\Debug\link-cvtres.write.1.tlog
G:\APIs\dada\dada\Debug\mt.command.1.tlog
G:\APIs\dada\dada\Debug\mt.read.1.tlog
G:\APIs\dada\dada\Debug\mt.write.1.tlog
G:\APIs\dada\dada\Debug\rc.command.1.tlog
G:\APIs\dada\dada\Debug\rc.read.1.tlog
G:\APIs\dada\dada\Debug\rc.write.1.tlog
G:\APIS\DADA\DADA\DEBUG\STDAFX.OBJ
G:\APIs\dada\dada\Debug\vc100.idb
G:\APIS\DADA\DADA\DEBUG\VC100.PDB
G:\APIS\DADA\DEBUG\DADA.EXE
G:\APIS\DADA\DEBUG\DADA.ILK
G:\APIS\DADA\DEBUG\DADA.PDB
G:\APIs\dada\Debug\Emgu.CV.dll
G:\APIs\dada\Debug\Emgu.CV.xml
G:\APIs\dada\Debug\Emgu.Util.dll
G:\APIs\dada\Debug\Emgu.Util.xml
G:\APIs\dada\Debug\SurfDLL.dll
G:\APIs\dada\Debug\SurfDLL.pdb
G:\APIs\dada\Debug\SurfDLL.xml
G:\APIs\dada\Debug\try.dll
G:\APIs\dada\Debug\try.pdb
G:\APIs\dada\Debug\try.xml
G:\APIs\dada\Debug\trydll.dll
G:\APIs\dada\Debug\trydll.pdb
G:\APIs\dada\Debug\trydll.xml
H:\APIS\DADA\DADA\DEBUG\DADA.EXE.EMBED.MANIFEST
H:\APIS\DADA\DADA\DEBUG\DADA.EXE.EMBED.MANIFEST.RES
H:\APIS\DADA\DADA\DEBUG\DADA.EXE.INTERMEDIATE.MANIFEST
H:\APIS\DADA\DADA\DEBUG\DADA.OBJ
H:\APIS\DADA\DADA\DEBUG\DADA.PCH
H:\APIS\DADA\DADA\DEBUG\STDAFX.OBJ
H:\APIS\DADA\DADA\DEBUG\VC100.PDB
H:\APIS\DADA\DEBUG\DADA.EXE
H:\APIS\DADA\DEBUG\DADA.ILK
H:\APIS\DADA\DEBUG\DADA.PDB
H:\APIs\dada\Debug\Emgu.CV.dll
H:\APIs\dada\Debug\Emgu.CV.xml
H:\APIs\dada\Debug\Emgu.Util.dll
H:\APIs\dada\Debug\Emgu.Util.xml
H:\APIs\dada\Debug\SurfDLL.dll
H:\APIs\dada\Debug\SurfDLL.pdb
H:\APIs\dada\Debug\SurfDLL.xml
H:\APIs\dada\Debug\SURFProgram1.dll
H:\APIs\dada\Debug\SURFProgram1.pdb
H:\APIs\dada\Debug\SURFProgram1.xml
