Build started 24-05-2014 16:07:38.
     1>Project "G:\EasyHCI\CamShift Progress\CamShiftDemo\CamShiftDemo.vcxproj" on node 2 (build target(s)).
     1>InitializeBuildStatus:
         Creating "Debug\CamShiftDemo.unsuccessfulbuild" because "AlwaysCreate" was specified.
       GenerateTargetFrameworkMonikerAttribute:
       Skipping target "GenerateTargetFrameworkMonikerAttribute" because all output files are up-to-date with respect to the input files.
       ClCompile:
         All outputs are up-to-date.
         All outputs are up-to-date.
       ResourceCompile:
         All outputs are up-to-date.
       Link:
         All outputs are up-to-date.
         CamShiftDemo.vcxproj -> G:\EasyHCI\CamShift Progress\Debug\CamShiftDemo.exe
       FinalizeBuildStatus:
         Deleting file "Debug\CamShiftDemo.unsuccessfulbuild".
         Touching "Debug\CamShiftDemo.lastbuildstate".
     1>Done Building Project "G:\EasyHCI\CamShift Progress\CamShiftDemo\CamShiftDemo.vcxproj" (build target(s)).

Build succeeded.

Time Elapsed 00:00:00.12
